<?xml version="1.0" encoding="UTF-8"?>
<testsuite xmlns:xsi="http://www.w3.org/2001/XMLSchema-instance" xsi:schemaLocation="https://maven.apache.org/surefire/maven-surefire-plugin/xsd/surefire-test-report.xsd" name="TestSuite" time="65.295" tests="2" errors="0" skipped="0" failures="1">
  <properties>
[...]
</properties>
  <testcase name="LoginTest" classname="com.gurudemo.testcases.TC_LoginTest_001" time="16.7">
    <failure message="timeout: Timed out receiving message from renderer: 15.000&#10;  (Session info: chrome=83.0.4103.61)&#10;Build info: version: &apos;3.141.59&apos;, revision: &apos;e82be7d358&apos;, time: &apos;2018-11-14T08:17:03&apos;&#10;System info: host: &apos;MYPC&apos;, ip: &apos;192.168.192.41&apos;, os.name: &apos;Windows 8&apos;, os.arch: &apos;x86&apos;, os.version: &apos;6.2&apos;, java.version: &apos;1.8.0_241&apos;&#10;Driver info: org.openqa.selenium.chrome.ChromeDriver&#10;Capabilities {acceptInsecureCerts: false, browserName: chrome, browserVersion: 83.0.4103.61, chrome: {chromedriverVersion: 83.0.4103.39 (ccbf011cb2d2b..., userDataDir: C:\Users\india\AppData\Loca...}, goog:chromeOptions: {debuggerAddress: localhost:55928}, javascriptEnabled: true, networkConnectionEnabled: false, pageLoadStrategy: normal, platform: WINDOWS, platformName: WINDOWS, proxy: Proxy(), setWindowRect: true, strictFileInteractability: false, timeouts: {implicit: 0, pageLoad: 300000, script: 30000}, unhandledPromptBehavior: dismiss and notify, webauthn:virtualAuthenticators: true}&#10;Session ID: dfdc6520342f9385721eec1ed4d0b58f" type="org.openqa.selenium.TimeoutException">org.openqa.selenium.TimeoutException: 
timeout: Timed out receiving message from renderer: 15.000
  (Session info: chrome=83.0.4103.61)
Build info: version: '3.141.59', revision: 'e82be7d358', time: '2018-11-14T08:17:03'
System info: host: 'MYPC', ip: '192.168.192.41', os.name: 'Windows 8', os.arch: 'x86', os.version: '6.2', java.version: '1.8.0_241'
Driver info: org.openqa.selenium.chrome.ChromeDriver
Capabilities {acceptInsecureCerts: false, browserName: chrome, browserVersion: 83.0.4103.61, chrome: {chromedriverVersion: 83.0.4103.39 (ccbf011cb2d2b..., userDataDir: C:\Users\india\AppData\Loca...}, goog:chromeOptions: {debuggerAddress: localhost:55928}, javascriptEnabled: true, networkConnectionEnabled: false, pageLoadStrategy: normal, platform: WINDOWS, platformName: WINDOWS, proxy: Proxy(), setWindowRect: true, strictFileInteractability: false, timeouts: {implicit: 0, pageLoad: 300000, script: 30000}, unhandledPromptBehavior: dismiss and notify, webauthn:virtualAuthenticators: true}
Session ID: dfdc6520342f9385721eec1ed4d0b58f
	at com.gurudemo.testcases.TC_LoginTest_001.LoginTest(TC_LoginTest_001.java:37)
</failure>
    <system-out><![CDATA[ INFO [main] (TC_LoginTest_001.java:25)- URL is opened
 INFO [main] (TC_LoginTest_001.java:30)- Entered Username
 INFO [main] (TC_LoginTest_001.java:34)- Entered Password
]]></system-out>
    <system-err><![CDATA[Starting ChromeDriver 83.0.4103.39 (ccbf011cb2d2b19b506d844400483861342c20cd-refs/branch-heads/4103@{#416}) on port 36947
Only local connections are allowed.
Please see https://chromedriver.chromium.org/security-considerations for suggestions on keeping ChromeDriver safe.
ChromeDriver was started successfully.
Jun 02, 2020 3:07:03 PM org.openqa.selenium.remote.ProtocolHandshake createSession
INFO: Detected dialect: W3C
[1591090648.018][SEVERE]: Timed out receiving message from renderer: 15.000
[1591090648.020][SEVERE]: Timed out receiving message from renderer: 15.000
]]></system-err>
  </testcase>
  <testcase name="AddCustomerTest" classname="com.gurudemo.testcases.TC_AddCustomer_002" time="20.556"/>
</testsuite>