<?xml version="1.0" encoding="UTF-8"?>
<testng-results skipped="0" failed="0" ignored="0" total="2" passed="2">
  <reporter-output>
  </reporter-output>
  <suite name="Ohrm" duration-ms="59836" started-at="2020-06-02T08:55:12Z" finished-at="2020-06-02T08:56:12Z">
    <groups>
    </groups>
    <test name="ChromeFramework" duration-ms="59836" started-at="2020-06-02T08:55:12Z" finished-at="2020-06-02T08:56:12Z">
      <class name="com.gurudemo.testcases.TC_LoginTest_001">
        <test-method status="PASS" signature="setUp(java.lang.String)[pri:0, instance:com.gurudemo.testcases.TC_LoginTest_001@1fc5af1]" name="setUp" is-config="true" duration-ms="10316" started-at="2020-06-02T14:25:13Z" finished-at="2020-06-02T14:25:23Z">
          <params>
            <param index="0">
              <value>
                <![CDATA[chrome]]>
              </value>
            </param>
          </params>
          <reporter-output>
          </reporter-output>
        </test-method> <!-- setUp -->
        <test-method status="PASS" signature="LoginTest()[pri:0, instance:com.gurudemo.testcases.TC_LoginTest_001@1fc5af1]" name="LoginTest" duration-ms="15911" started-at="2020-06-02T14:25:23Z" finished-at="2020-06-02T14:25:39Z">
          <reporter-output>
          </reporter-output>
        </test-method> <!-- LoginTest -->
        <test-method status="PASS" signature="tearDown()[pri:0, instance:com.gurudemo.testcases.TC_LoginTest_001@1fc5af1]" name="tearDown" is-config="true" duration-ms="1037" started-at="2020-06-02T14:25:39Z" finished-at="2020-06-02T14:25:40Z">
          <reporter-output>
          </reporter-output>
        </test-method> <!-- tearDown -->
      </class> <!-- com.gurudemo.testcases.TC_LoginTest_001 -->
      <class name="com.gurudemo.testcases.TC_AddCustomer_002">
        <test-method status="PASS" signature="setUp(java.lang.String)[pri:0, instance:com.gurudemo.testcases.TC_AddCustomer_002@5792a0]" name="setUp" is-config="true" duration-ms="9878" started-at="2020-06-02T14:25:40Z" finished-at="2020-06-02T14:25:50Z">
          <params>
            <param index="0">
              <value>
                <![CDATA[chrome]]>
              </value>
            </param>
          </params>
          <reporter-output>
          </reporter-output>
        </test-method> <!-- setUp -->
        <test-method status="PASS" signature="AddCustomerTest()[pri:2, instance:com.gurudemo.testcases.TC_AddCustomer_002@5792a0]" name="AddCustomerTest" duration-ms="20675" started-at="2020-06-02T14:25:50Z" finished-at="2020-06-02T14:26:11Z">
          <reporter-output>
          </reporter-output>
        </test-method> <!-- AddCustomerTest -->
        <test-method status="PASS" signature="tearDown()[pri:0, instance:com.gurudemo.testcases.TC_AddCustomer_002@5792a0]" name="tearDown" is-config="true" duration-ms="1124" started-at="2020-06-02T14:26:11Z" finished-at="2020-06-02T14:26:12Z">
          <reporter-output>
          </reporter-output>
        </test-method> <!-- tearDown -->
      </class> <!-- com.gurudemo.testcases.TC_AddCustomer_002 -->
    </test> <!-- ChromeFramework -->
  </suite> <!-- Ohrm -->
</testng-results>
